<?xml version="1.0" encoding="UTF-8"?>
<!-- Generated by org.testng.reporters.JUnitReportReporter -->
<testsuite hostname="DESKTOP-BL9TG67" failures="0" tests="1" name="com.SauceDemo.TestClass._TC001CheckLoginFunctionality" time="5.180" errors="0" timestamp="2022-10-10T18:30:49 IST" skipped="0">
  <testcase classname="com.SauceDemo.TestClass._TC001CheckLoginFunctionality" name="verifyloginfunctionality" time="5.180"/>
  <system-out/>
</testsuite> <!-- com.SauceDemo.TestClass._TC001CheckLoginFunctionality -->
